build/app/intermediates/manifest_merge_blame_file/debug/manifest-merger-blame-debug-report.txt
1<?xml version="1.0" encoding="utf-8"?>
2<manifest xmlns:android="http://schemas.android.com/apk/res/android"
3    package="com.swadeshitech.swadeshitech"
4    android:versionCode="1"
5    android:versionName="1.0.0" >
6
7    <uses-sdk
8        android:minSdkVersion="16"
9        android:targetSdkVersion="29" />
10    <!--
11         Flutter needs it to communicate with the running application
12         to allow setting breakpoints, to provide hot reload, etc.
13    -->
14    <uses-permission android:name="android.permission.INTERNET" />
14-->src\main\AndroidManifest.xml:8:5-66
14-->src\main\AndroidManifest.xml:8:22-64
15    <uses-permission android:name="android.permission.ACCESS_NETWORK_STATE" />
15-->[:firebase_analytics] AndroidManifest.xml:7:5-79
15-->[:firebase_analytics] AndroidManifest.xml:7:22-76
16    <uses-permission android:name="android.permission.WAKE_LOCK" />
16-->[:firebase_analytics] AndroidManifest.xml:9:5-68
16-->[:firebase_analytics] AndroidManifest.xml:9:22-65
17    <uses-permission android:name="com.google.android.finsky.permission.BIND_GET_INSTALL_REFERRER_SERVICE" /> <!-- Required by older versions of Google Play services to create IID tokens -->
17-->[com.google.android.gms:play-services-measurement:17.2.2] AndroidManifest.xml:26:5-110
17-->[com.google.android.gms:play-services-measurement:17.2.2] AndroidManifest.xml:26:22-107
18    <uses-permission android:name="com.google.android.c2dm.permission.RECEIVE" />
18-->[com.google.firebase:firebase-iid:20.0.2] AndroidManifest.xml:26:5-82
18-->[com.google.firebase:firebase-iid:20.0.2] AndroidManifest.xml:26:22-79
19
20    <application
20-->src\main\AndroidManifest.xml:9:5-47:19
21        android:name="io.flutter.app.FlutterApplication"
21-->src\main\AndroidManifest.xml:10:9-57
22        android:appComponentFactory="androidx.core.app.CoreComponentFactory"
22-->[androidx.core:core:1.1.0] AndroidManifest.xml:24:18-86
23        android:debuggable="true"
24        android:icon="@mipmap/ic_launcher"
24-->src\main\AndroidManifest.xml:12:9-43
25        android:label="Swadeshi Tech" >
25-->src\main\AndroidManifest.xml:11:9-38
26        <activity
26-->src\main\AndroidManifest.xml:13:9-41:20
27            android:name="com.example.swadeshittech.MainActivity"
27-->src\main\AndroidManifest.xml:14:13-41
28            android:configChanges="orientation|keyboardHidden|keyboard|screenSize|smallestScreenSize|locale|layoutDirection|fontScale|screenLayout|density|uiMode"
28-->src\main\AndroidManifest.xml:17:13-163
29            android:hardwareAccelerated="true"
29-->src\main\AndroidManifest.xml:18:13-47
30            android:launchMode="singleTop"
30-->src\main\AndroidManifest.xml:15:13-43
31            android:theme="@style/LaunchTheme"
31-->src\main\AndroidManifest.xml:16:13-47
32            android:windowSoftInputMode="adjustResize" >
32-->src\main\AndroidManifest.xml:19:13-55
33
34            <!--
35                 Specifies an Android theme to apply to this Activity as soon as
36                 the Android process has started. This theme is visible to the user
37                 while the Flutter UI initializes. After that, this theme continues
38                 to determine the Window background behind the Flutter UI.
39            -->
40            <meta-data
40-->src\main\AndroidManifest.xml:24:13-27:17
41                android:name="io.flutter.embedding.android.NormalTheme"
41-->src\main\AndroidManifest.xml:25:15-70
42                android:resource="@style/NormalTheme" />
42-->src\main\AndroidManifest.xml:26:15-52
43            <!--
44                 Displays an Android View that continues showing the launch screen
45                 Drawable until Flutter paints its first frame, then this splash
46                 screen fades out. A splash screen is useful to avoid any visual
47                 gap between the end of Android's launch screen and the painting of
48                 Flutter's first frame.
49            -->
50            <meta-data
50-->src\main\AndroidManifest.xml:33:13-36:17
51                android:name="io.flutter.embedding.android.SplashScreenDrawable"
51-->src\main\AndroidManifest.xml:34:15-79
52                android:resource="@drawable/launch_background" />
52-->src\main\AndroidManifest.xml:35:15-61
53
54            <intent-filter>
54-->src\main\AndroidManifest.xml:37:13-40:29
55                <action android:name="android.intent.action.MAIN" />
55-->src\main\AndroidManifest.xml:38:17-68
55-->src\main\AndroidManifest.xml:38:25-66
56
57                <category android:name="android.intent.category.LAUNCHER" />
57-->src\main\AndroidManifest.xml:39:17-76
57-->src\main\AndroidManifest.xml:39:27-74
58            </intent-filter>
59        </activity>
60        <!--
61             Don't delete the meta-data below.
62             This is used by the Flutter tool to generate GeneratedPluginRegistrant.java
63        -->
64        <meta-data
64-->src\main\AndroidManifest.xml:44:9-46:33
65            android:name="flutterEmbedding"
65-->src\main\AndroidManifest.xml:45:13-44
66            android:value="2" />
66-->src\main\AndroidManifest.xml:46:13-30
67
68        <service
68-->[:firebase_analytics] AndroidManifest.xml:12:9-16:19
69            android:name="com.google.firebase.components.ComponentDiscoveryService"
69-->[:firebase_analytics] AndroidManifest.xml:12:18-89
70            android:directBootAware="true"
70-->[com.google.firebase:firebase-common:19.3.0] AndroidManifest.xml:34:13-43
71            android:exported="false" >
71-->[com.google.android.gms:play-services-measurement-api:17.2.2] AndroidManifest.xml:29:13-37
72            <meta-data
72-->[:firebase_analytics] AndroidManifest.xml:13:13-15:85
73                android:name="com.google.firebase.components:io.flutter.plugins.firebaseanalytics.FlutterFirebaseAppRegistrar"
73-->[:firebase_analytics] AndroidManifest.xml:14:17-127
74                android:value="com.google.firebase.components.ComponentRegistrar" />
74-->[:firebase_analytics] AndroidManifest.xml:15:17-82
75            <meta-data
75-->[com.google.android.gms:play-services-measurement-api:17.2.2] AndroidManifest.xml:30:13-32:85
76                android:name="com.google.firebase.components:com.google.firebase.analytics.connector.internal.AnalyticsConnectorRegistrar"
76-->[com.google.android.gms:play-services-measurement-api:17.2.2] AndroidManifest.xml:31:17-139
77                android:value="com.google.firebase.components.ComponentRegistrar" />
77-->[com.google.android.gms:play-services-measurement-api:17.2.2] AndroidManifest.xml:32:17-82
78            <meta-data
78-->[com.google.firebase:firebase-iid:20.0.2] AndroidManifest.xml:32:13-34:85
79                android:name="com.google.firebase.components:com.google.firebase.iid.Registrar"
79-->[com.google.firebase:firebase-iid:20.0.2] AndroidManifest.xml:33:17-96
80                android:value="com.google.firebase.components.ComponentRegistrar" />
80-->[com.google.firebase:firebase-iid:20.0.2] AndroidManifest.xml:34:17-82
81        </service>
82
83        <activity
83-->[:url_launcher] AndroidManifest.xml:8:9-11:74
84            android:name="io.flutter.plugins.urllauncher.WebViewActivity"
84-->[:url_launcher] AndroidManifest.xml:9:13-74
85            android:exported="false"
85-->[:url_launcher] AndroidManifest.xml:10:13-37
86            android:theme="@android:style/Theme.NoTitleBar.Fullscreen" />
86-->[:url_launcher] AndroidManifest.xml:11:13-71
87
88        <receiver
88-->[com.google.android.gms:play-services-measurement:17.2.2] AndroidManifest.xml:29:9-33:20
89            android:name="com.google.android.gms.measurement.AppMeasurementReceiver"
89-->[com.google.android.gms:play-services-measurement:17.2.2] AndroidManifest.xml:30:13-85
90            android:enabled="true"
90-->[com.google.android.gms:play-services-measurement:17.2.2] AndroidManifest.xml:31:13-35
91            android:exported="false" >
91-->[com.google.android.gms:play-services-measurement:17.2.2] AndroidManifest.xml:32:13-37
92        </receiver>
93        <receiver
93-->[com.google.android.gms:play-services-measurement:17.2.2] AndroidManifest.xml:34:9-42:20
94            android:name="com.google.android.gms.measurement.AppMeasurementInstallReferrerReceiver"
94-->[com.google.android.gms:play-services-measurement:17.2.2] AndroidManifest.xml:35:13-100
95            android:enabled="true"
95-->[com.google.android.gms:play-services-measurement:17.2.2] AndroidManifest.xml:36:13-35
96            android:exported="true"
96-->[com.google.android.gms:play-services-measurement:17.2.2] AndroidManifest.xml:37:13-36
97            android:permission="android.permission.INSTALL_PACKAGES" >
97-->[com.google.android.gms:play-services-measurement:17.2.2] AndroidManifest.xml:38:13-69
98            <intent-filter>
98-->[com.google.android.gms:play-services-measurement:17.2.2] AndroidManifest.xml:39:13-41:29
99                <action android:name="com.android.vending.INSTALL_REFERRER" />
99-->[com.google.android.gms:play-services-measurement:17.2.2] AndroidManifest.xml:40:17-79
99-->[com.google.android.gms:play-services-measurement:17.2.2] AndroidManifest.xml:40:25-76
100            </intent-filter>
101        </receiver>
102
103        <service
103-->[com.google.android.gms:play-services-measurement:17.2.2] AndroidManifest.xml:44:9-47:40
104            android:name="com.google.android.gms.measurement.AppMeasurementService"
104-->[com.google.android.gms:play-services-measurement:17.2.2] AndroidManifest.xml:45:13-84
105            android:enabled="true"
105-->[com.google.android.gms:play-services-measurement:17.2.2] AndroidManifest.xml:46:13-35
106            android:exported="false" />
106-->[com.google.android.gms:play-services-measurement:17.2.2] AndroidManifest.xml:47:13-37
107        <service
107-->[com.google.android.gms:play-services-measurement:17.2.2] AndroidManifest.xml:48:9-52:72
108            android:name="com.google.android.gms.measurement.AppMeasurementJobService"
108-->[com.google.android.gms:play-services-measurement:17.2.2] AndroidManifest.xml:49:13-87
109            android:enabled="true"
109-->[com.google.android.gms:play-services-measurement:17.2.2] AndroidManifest.xml:50:13-35
110            android:exported="false"
110-->[com.google.android.gms:play-services-measurement:17.2.2] AndroidManifest.xml:51:13-37
111            android:permission="android.permission.BIND_JOB_SERVICE" />
111-->[com.google.android.gms:play-services-measurement:17.2.2] AndroidManifest.xml:52:13-69
112
113        <receiver
113-->[com.google.firebase:firebase-iid:20.0.2] AndroidManifest.xml:37:9-44:20
114            android:name="com.google.firebase.iid.FirebaseInstanceIdReceiver"
114-->[com.google.firebase:firebase-iid:20.0.2] AndroidManifest.xml:38:13-78
115            android:exported="true"
115-->[com.google.firebase:firebase-iid:20.0.2] AndroidManifest.xml:39:13-36
116            android:permission="com.google.android.c2dm.permission.SEND" >
116-->[com.google.firebase:firebase-iid:20.0.2] AndroidManifest.xml:40:13-73
117            <intent-filter>
117-->[com.google.firebase:firebase-iid:20.0.2] AndroidManifest.xml:41:13-43:29
118                <action android:name="com.google.android.c2dm.intent.RECEIVE" />
118-->[com.google.firebase:firebase-iid:20.0.2] AndroidManifest.xml:42:17-81
118-->[com.google.firebase:firebase-iid:20.0.2] AndroidManifest.xml:42:25-78
119            </intent-filter>
120        </receiver>
121
122        <provider
122-->[com.google.firebase:firebase-common:19.3.0] AndroidManifest.xml:26:9-30:39
123            android:name="com.google.firebase.provider.FirebaseInitProvider"
123-->[com.google.firebase:firebase-common:19.3.0] AndroidManifest.xml:27:13-77
124            android:authorities="com.swadeshitech.swadeshitech.firebaseinitprovider"
124-->[com.google.firebase:firebase-common:19.3.0] AndroidManifest.xml:28:13-72
125            android:exported="false"
125-->[com.google.firebase:firebase-common:19.3.0] AndroidManifest.xml:29:13-37
126            android:initOrder="100" />
126-->[com.google.firebase:firebase-common:19.3.0] AndroidManifest.xml:30:13-36
127
128        <activity
128-->[com.google.android.gms:play-services-base:17.0.0] AndroidManifest.xml:23:9-26:75
129            android:name="com.google.android.gms.common.api.GoogleApiActivity"
129-->[com.google.android.gms:play-services-base:17.0.0] AndroidManifest.xml:24:13-79
130            android:exported="false"
130-->[com.google.android.gms:play-services-base:17.0.0] AndroidManifest.xml:25:13-37
131            android:theme="@android:style/Theme.Translucent.NoTitleBar" />
131-->[com.google.android.gms:play-services-base:17.0.0] AndroidManifest.xml:26:13-72
132
133        <meta-data
133-->[com.google.android.gms:play-services-basement:17.0.0] AndroidManifest.xml:23:9-25:69
134            android:name="com.google.android.gms.version"
134-->[com.google.android.gms:play-services-basement:17.0.0] AndroidManifest.xml:24:13-58
135            android:value="@integer/google_play_services_version" />
135-->[com.google.android.gms:play-services-basement:17.0.0] AndroidManifest.xml:25:13-66
136    </application>
137
138</manifest>